<?xml version="1.0" encoding="UTF-8"?>
<testsuite xmlns:xsi="http://www.w3.org/2001/XMLSchema-instance" xsi:noNamespaceSchemaLocation="https://maven.apache.org/surefire/maven-surefire-plugin/xsd/surefire-test-report-3.0.xsd" version="3.0" name="com.example.senac_marketing.SenacMarketingApplicationTests" time="12.134" tests="1" errors="0" skipped="0" failures="0">
  <properties>
[...]
</properties>
  <testcase name="contextLoads" classname="com.example.senac_marketing.SenacMarketingApplicationTests" time="1.177">
    <system-out><![CDATA[21:26:39.546 [main] INFO org.springframework.test.context.support.AnnotationConfigContextLoaderUtils -- Could not detect default configuration classes for test class [com.example.senac_marketing.SenacMarketingApplicationTests]: SenacMarketingApplicationTests does not declare any static, non-private, non-final, nested classes annotated with @Configuration.
21:26:39.853 [main] INFO org.springframework.boot.test.context.SpringBootTestContextBootstrapper -- Found @SpringBootConfiguration com.example.senac_marketing.SenacMarketingApplication for test class com.example.senac_marketing.SenacMarketingApplicationTests

  .   ____          _            __ _ _
 /\\ / ___'_ __ _ _(_)_ __  __ _ \ \ \ \
( ( )\___ | '_ | '_| | '_ \/ _` | \ \ \ \
 \\/  ___)| |_)| | | | | || (_| |  ) ) ) )
  '  |____| .__|_| |_|_| |_\__, | / / / /
 =========|_|==============|___/=/_/_/_/
 :: Spring Boot ::                (v3.1.9)

2024-07-10T21:26:40.721-03:00  INFO 8080 --- [           main] c.e.s.SenacMarketingApplicationTests     : Starting SenacMarketingApplicationTests using Java 21.0.3 with PID 8080 (started by Gabriel in C:\Users\Gabriel\Documents\Caixa\FACULDADE ADS\.BACKEND\modulo_marketing_backend)
2024-07-10T21:26:40.724-03:00  INFO 8080 --- [           main] c.e.s.SenacMarketingApplicationTests     : No active profile set, falling back to 1 default profile: "default"
2024-07-10T21:26:42.218-03:00  INFO 8080 --- [           main] .s.d.r.c.RepositoryConfigurationDelegate : Bootstrapping Spring Data JPA repositories in DEFAULT mode.
2024-07-10T21:26:42.433-03:00  INFO 8080 --- [           main] .s.d.r.c.RepositoryConfigurationDelegate : Finished Spring Data repository scanning in 198 ms. Found 6 JPA repository interfaces.
2024-07-10T21:26:43.432-03:00  INFO 8080 --- [           main] o.hibernate.jpa.internal.util.LogHelper  : HHH000204: Processing PersistenceUnitInfo [name: default]
2024-07-10T21:26:43.575-03:00  INFO 8080 --- [           main] org.hibernate.Version                    : HHH000412: Hibernate ORM core version 6.2.22.Final
2024-07-10T21:26:43.580-03:00  INFO 8080 --- [           main] org.hibernate.cfg.Environment            : HHH000406: Using bytecode reflection optimizer
2024-07-10T21:26:44.275-03:00  INFO 8080 --- [           main] o.s.o.j.p.SpringPersistenceUnitInfo      : No LoadTimeWeaver setup: ignoring JPA class transformer
2024-07-10T21:26:44.334-03:00  INFO 8080 --- [           main] com.zaxxer.hikari.HikariDataSource       : HikariPool-1 - Starting...
2024-07-10T21:26:44.906-03:00  INFO 8080 --- [           main] com.zaxxer.hikari.pool.HikariPool        : HikariPool-1 - Added connection org.postgresql.jdbc.PgConnection@1510b9a2
2024-07-10T21:26:44.909-03:00  INFO 8080 --- [           main] com.zaxxer.hikari.HikariDataSource       : HikariPool-1 - Start completed.
2024-07-10T21:26:45.052-03:00  WARN 8080 --- [           main] org.hibernate.orm.deprecation            : HHH90000025: PostgreSQLDialect does not need to be specified explicitly using 'hibernate.dialect' (remove the property setting and it will be selected by default)
2024-07-10T21:26:47.457-03:00  INFO 8080 --- [           main] o.h.e.t.j.p.i.JtaPlatformInitiator       : HHH000489: No JTA platform available (set 'hibernate.transaction.jta.platform' to enable JTA platform integration)
2024-07-10T21:26:47.653-03:00  INFO 8080 --- [           main] j.LocalContainerEntityManagerFactoryBean : Initialized JPA EntityManagerFactory for persistence unit 'default'
2024-07-10T21:26:49.300-03:00  WARN 8080 --- [           main] JpaBaseConfiguration$JpaWebConfiguration : spring.jpa.open-in-view is enabled by default. Therefore, database queries may be performed during view rendering. Explicitly configure spring.jpa.open-in-view to disable this warning
2024-07-10T21:26:50.012-03:00  INFO 8080 --- [           main] c.e.s.SenacMarketingApplicationTests     : Started SenacMarketingApplicationTests in 9.827 seconds (process running for 12.032)
]]></system-out>
    <system-err><![CDATA[WARNING: A Java agent has been loaded dynamically (C:\Users\Gabriel\.m2\repository\net\bytebuddy\byte-buddy-agent\1.14.12\byte-buddy-agent-1.14.12.jar)
WARNING: If a serviceability tool is in use, please run with -XX:+EnableDynamicAgentLoading to hide this warning
WARNING: If a serviceability tool is not in use, please run with -Djdk.instrument.traceUsage for more information
WARNING: Dynamic loading of agents will be disallowed by default in a future release
]]></system-err>
  </testcase>
</testsuite>